<?xml version="1.0" encoding="UTF-8"?>
<testng-results ignored="0" total="1" passed="1" failed="0" skipped="0">
  <reporter-output>
  </reporter-output>
  <suite started-at="2024-05-07T01:09:37 AST" name="Suite" finished-at="2024-05-07T01:09:40 AST" duration-ms="2874">
    <groups>
    </groups>
    <test started-at="2024-05-07T01:09:37 AST" name="Test" finished-at="2024-05-07T01:09:40 AST" duration-ms="2874">
      <class name="com.todos.tests.AddTodosTest">
        <test-method is-config="true" signature="setupTest(java.lang.String)[pri:0, instance:com.todos.tests.AddTodosTest@2b91004a]" started-at="2024-05-07T01:09:37 AST" name="setupTest" finished-at="2024-05-07T01:09:40 AST" duration-ms="2202" status="PASS">
          <params>
            <param index="0">
              <value>
                <![CDATA[chrome]]>
              </value>
            </param>
          </params>
          <reporter-output>
          </reporter-output>
        </test-method> <!-- setupTest -->
        <test-method signature="iCanAddTodos()[pri:0, instance:com.todos.tests.AddTodosTest@2b91004a]" started-at="2024-05-07T01:09:40 AST" name="iCanAddTodos" finished-at="2024-05-07T01:09:40 AST" duration-ms="322" status="PASS">
          <reporter-output>
          </reporter-output>
        </test-method> <!-- iCanAddTodos -->
        <test-method is-config="true" signature="tearDown()[pri:0, instance:com.todos.tests.AddTodosTest@2b91004a]" started-at="2024-05-07T01:09:40 AST" name="tearDown" finished-at="2024-05-07T01:09:40 AST" duration-ms="301" status="PASS">
          <reporter-output>
          </reporter-output>
        </test-method> <!-- tearDown -->
      </class> <!-- com.todos.tests.AddTodosTest -->
    </test> <!-- Test -->
  </suite> <!-- Suite -->
</testng-results>
